# JRE version: Java(TM) SE Runtime Environment (17.0.12+8) (build 17.0.12+8-LTS-286)
# Java VM: Java HotSpot(TM) 64-Bit Server VM (17.0.12+8-LTS-286, mixed mode, sharing, tiered, compressed oops, compressed class ptrs, g1 gc, windows-amd64)
GC Precious Log:
 CPUs: 16 total, 16 available
 Memory: 15775M
 Large Page Support: Disabled
 NUMA Support: Disabled
 Compressed Oops: Enabled (Zero based)
 Heap Region Size: 4M
 Heap Min Capacity: 8M
 Heap Initial Capacity: 248M
 Heap Max Capacity: 8G
 Pre-touch: Disabled
 Parallel Workers: 13
 Concurrent Workers: 3
 Concurrent Refinement Workers: 13
 Periodic GC: Disabled
Heap:
 garbage-first heap   total 778240K, used 375617K [0x0000000600000000, 0x0000000800000000)
  region size 4096K, 48 young (196608K), 3 survivors (12288K)
 Metaspace       used 123498K, committed 124608K, reserved 1179648K
  class space    used 16716K, committed 17216K, reserved 1048576K
GC Heap History (20 events):
Event: 139.684 GC heap before
{Heap before GC invocations=81 (full 0):
 garbage-first heap   total 368640K, used 294359K [0x0000000600000000, 0x0000000800000000)
  region size 4096K, 27 young (110592K), 1 survivors (4096K)
 Metaspace       used 122831K, committed 123968K, reserved 1179648K
  class space    used 16675K, committed 17216K, reserved 1048576K
}
Event: 139.688 GC heap after
{Heap after GC invocations=82 (full 0):
 garbage-first heap   total 368640K, used 187809K [0x0000000600000000, 0x0000000800000000)
  region size 4096K, 1 young (4096K), 1 survivors (4096K)
 Metaspace       used 122831K, committed 123968K, reserved 1179648K
  class space    used 16675K, committed 17216K, reserved 1048576K
}
Event: 139.963 GC heap before
{Heap before GC invocations=82 (full 0):
 garbage-first heap   total 368640K, used 298401K [0x0000000600000000, 0x0000000800000000)
  region size 4096K, 28 young (114688K), 1 survivors (4096K)
 Metaspace       used 122898K, committed 124032K, reserved 1179648K
  class space    used 16675K, committed 17216K, reserved 1048576K
}
Event: 139.968 GC heap after
{Heap after GC invocations=83 (full 0):
 garbage-first heap   total 368640K, used 188790K [0x0000000600000000, 0x0000000800000000)
  region size 4096K, 1 young (4096K), 1 survivors (4096K)
 Metaspace       used 122898K, committed 124032K, reserved 1179648K
  class space    used 16675K, committed 17216K, reserved 1048576K
}
Event: 140.240 GC heap before
{Heap before GC invocations=83 (full 0):
 garbage-first heap   total 368640K, used 303478K [0x0000000600000000, 0x0000000800000000)
  region size 4096K, 29 young (118784K), 1 survivors (4096K)
 Metaspace       used 123018K, committed 124160K, reserved 1179648K
  class space    used 16675K, committed 17216K, reserved 1048576K
}
Event: 140.247 GC heap after
{Heap after GC invocations=84 (full 0):
 garbage-first heap   total 647168K, used 189850K [0x0000000600000000, 0x0000000800000000)
  region size 4096K, 2 young (8192K), 2 survivors (8192K)
 Metaspace       used 123018K, committed 124160K, reserved 1179648K
  class space    used 16675K, committed 17216K, reserved 1048576K
}
Event: 141.044 GC heap before
{Heap before GC invocations=84 (full 0):
 garbage-first heap   total 647168K, used 517530K [0x0000000600000000, 0x0000000800000000)
  region size 4096K, 83 young (339968K), 2 survivors (8192K)
 Metaspace       used 123032K, committed 124160K, reserved 1179648K
  class space    used 16675K, committed 17216K, reserved 1048576K
}
Event: 141.053 GC heap after
{Heap after GC invocations=85 (full 0):
 garbage-first heap   total 647168K, used 196433K [0x0000000600000000, 0x0000000800000000)
  region size 4096K, 3 young (12288K), 3 survivors (12288K)
 Metaspace       used 123032K, committed 124160K, reserved 1179648K
  class space    used 16675K, committed 17216K, reserved 1048576K
}
Event: 141.453 GC heap before
{Heap before GC invocations=85 (full 0):
 garbage-first heap   total 647168K, used 540497K [0x0000000600000000, 0x0000000800000000)
  region size 4096K, 88 young (360448K), 3 survivors (12288K)
 Metaspace       used 123068K, committed 124224K, reserved 1179648K
  class space    used 16675K, committed 17216K, reserved 1048576K
}
Event: 141.460 GC heap after
{Heap after GC invocations=86 (full 0):
 garbage-first heap   total 647168K, used 196094K [0x0000000600000000, 0x0000000800000000)
  region size 4096K, 3 young (12288K), 3 survivors (12288K)
 Metaspace       used 123068K, committed 124224K, reserved 1179648K
  class space    used 16675K, committed 17216K, reserved 1048576K
}
Event: 141.909 GC heap before
{Heap before GC invocations=86 (full 0):
 garbage-first heap   total 647168K, used 548350K [0x0000000600000000, 0x0000000800000000)
  region size 4096K, 90 young (368640K), 3 survivors (12288K)
 Metaspace       used 123080K, committed 124224K, reserved 1179648K
  class space    used 16675K, committed 17216K, reserved 1048576K
}
Event: 141.919 GC heap after
{Heap after GC invocations=87 (full 0):
 garbage-first heap   total 647168K, used 197777K [0x0000000600000000, 0x0000000800000000)
  region size 4096K, 4 young (16384K), 4 survivors (16384K)
 Metaspace       used 123080K, committed 124224K, reserved 1179648K
  class space    used 16675K, committed 17216K, reserved 1048576K
}
Event: 142.625 GC heap before
{Heap before GC invocations=87 (full 0):
 garbage-first heap   total 647168K, used 550033K [0x0000000600000000, 0x0000000800000000)
  region size 4096K, 91 young (372736K), 4 survivors (16384K)
 Metaspace       used 123102K, committed 124224K, reserved 1179648K
  class space    used 16675K, committed 17216K, reserved 1048576K
}
Event: 142.636 GC heap after
{Heap after GC invocations=88 (full 0):
 garbage-first heap   total 647168K, used 202021K [0x0000000600000000, 0x0000000800000000)
  region size 4096K, 5 young (20480K), 5 survivors (20480K)
 Metaspace       used 123102K, committed 124224K, reserved 1179648K
  class space    used 16675K, committed 17216K, reserved 1048576K
}
Event: 143.844 GC heap before
{Heap before GC invocations=88 (full 0):
 garbage-first heap   total 647168K, used 550181K [0x0000000600000000, 0x0000000800000000)
  region size 4096K, 91 young (372736K), 5 survivors (20480K)
 Metaspace       used 123103K, committed 124224K, reserved 1179648K
  class space    used 16675K, committed 17216K, reserved 1048576K
}
Event: 143.855 GC heap after
{Heap after GC invocations=89 (full 0):
 garbage-first heap   total 778240K, used 202916K [0x0000000600000000, 0x0000000800000000)
  region size 4096K, 5 young (20480K), 5 survivors (20480K)
 Metaspace       used 123103K, committed 124224K, reserved 1179648K
  class space    used 16675K, committed 17216K, reserved 1048576K
}
Event: 149.257 GC heap before
{Heap before GC invocations=89 (full 0):
 garbage-first heap   total 778240K, used 649380K [0x0000000600000000, 0x0000000800000000)
  region size 4096K, 114 young (466944K), 5 survivors (20480K)
 Metaspace       used 123108K, committed 124224K, reserved 1179648K
  class space    used 16678K, committed 17216K, reserved 1048576K
}
Event: 149.266 GC heap after
{Heap after GC invocations=90 (full 0):
 garbage-first heap   total 778240K, used 196997K [0x0000000600000000, 0x0000000800000000)
  region size 4096K, 3 young (12288K), 3 survivors (12288K)
 Metaspace       used 123108K, committed 124224K, reserved 1179648K
  class space    used 16678K, committed 17216K, reserved 1048576K
}
Event: 168.786 GC heap before
{Heap before GC invocations=90 (full 0):
 garbage-first heap   total 778240K, used 647557K [0x0000000600000000, 0x0000000800000000)
  region size 4096K, 114 young (466944K), 3 survivors (12288K)
 Metaspace       used 123165K, committed 124288K, reserved 1179648K
  class space    used 16686K, committed 17216K, reserved 1048576K
}
Event: 168.798 GC heap after
{Heap after GC invocations=91 (full 0):
 garbage-first heap   total 778240K, used 195393K [0x0000000600000000, 0x0000000800000000)
  region size 4096K, 3 young (12288K), 3 survivors (12288K)
 Metaspace       used 123165K, committed 124288K, reserved 1179648K
  class space    used 16686K, committed 17216K, reserved 1048576K
}

